Installing dependencies...

up to date in 1s

155 packages are looking for funding
  run `npm fund` for details
Detected Next.js version: 16.1.6
Running "npm run build"

> admin_dashboard@0.1.0 build
> next build

▲ Next.js 16.1.6 (Turbopack)
- Environments: .env.local

  Creating an optimized production build ...
✓ Compiled successfully in 5.1s
  Running TypeScript ...
  Collecting page data using 7 workers ...
  Generating static pages using 7 workers (0/20) ...
  Generating static pages using 7 workers (5/20) 
  Generating static pages using 7 workers (10/20) 
  Generating static pages using 7 workers (15/20) 
✓ Generating static pages using 7 workers (20/20) in 750.1ms
  Finalizing page optimization ...

Route (app)
┌ ○ /
├ ○ /_not-found
├ ○ /about
├ ○ /account
├ ƒ /admin
├ ○ /admin/dashboard
├ ○ /admin/login
├ ƒ /api/admin/login
├ ƒ /api/admin/me
├ ƒ /api/admin/orders
├ ƒ /api/auth/login
├ ƒ /api/auth/me
├ ƒ /api/auth/register
├ ƒ /api/cart
├ ƒ /api/checkout
├ ƒ /api/delivery
├ ƒ /api/delivery/[id]
├ ƒ /api/order-items
├ ƒ /api/orders
├ ƒ /api/orders/[id]
├ ƒ /api/products
├ ƒ /api/settings
├ ƒ /api/status
├ ƒ /api/test-db
├ ƒ /api/upload
├ ○ /cart
├ ○ /checkout
├ ○ /contact
├ ○ /delivery
├ ○ /home
├ ○ /inventory
├ ○ /login
├ ○ /register
├ ○ /sales
├ ○ /settings
└ ○ /shop


○  (Static)   prerendered as static content
ƒ  (Dynamic)  server-rendered on demand

Traced Next.js server files in: 61.129ms
Tracing entries due to missing build traces:
[
  "C:/Users/System Manager/Desktop/flutter_application_1/admin_dashboard/.next/server/app/_global-error/page.js",
  "C:/Users/System Manager/Desktop/flutter_application_1/admin_dashboard/.next/server/app/_not-found/page.js",
  "C:/Users/System Manager/Desktop/flutter_application_1/admin_dashboard/.next/server/app/about/page.js",
  "C:/Users/System Manager/Desktop/flutter_application_1/admin_dashboard/.next/server/app/account/page.js",
  "C:/Users/System Manager/Desktop/flutter_application_1/admin_dashboard/.next/server/app/admin/dashboard/page.js",
  "C:/Users/System Manager/Desktop/flutter_application_1/admin_dashboard/.next/server/app/admin/login/page.js",
  "C:/Users/System Manager/Desktop/flutter_application_1/admin_dashboard/.next/server/app/cart/page.js",
  "C:/Users/System Manager/Desktop/flutter_application_1/admin_dashboard/.next/server/app/checkout/page.js",
  "C:/Users/System Manager/Desktop/flutter_application_1/admin_dashboard/.next/server/app/contact/page.js",
  "C:/Users/System Manager/Desktop/flutter_application_1/admin_dashboard/.next/server/app/delivery/page.js",
  "C:/Users/System Manager/Desktop/flutter_application_1/admin_dashboard/.next/server/app/home/page.js",
  "C:/Users/System Manager/Desktop/flutter_application_1/admin_dashboard/.next/server/app/inventory/page.js",
  "C:/Users/System Manager/Desktop/flutter_application_1/admin_dashboard/.next/server/app/login/page.js",
  "C:/Users/System Manager/Desktop/flutter_application_1/admin_dashboard/.next/server/app/register/page.js",
  "C:/Users/System Manager/Desktop/flutter_application_1/admin_dashboard/.next/server/app/sales/page.js",
  "C:/Users/System Manager/Desktop/flutter_application_1/admin_dashboard/.next/server/app/settings/page.js",
  "C:/Users/System Manager/Desktop/flutter_application_1/admin_dashboard/.next/server/app/shop/page.js",
  "C:/Users/System Manager/Desktop/flutter_application_1/admin_dashboard/.next/server/app/admin/route.js",
  "C:/Users/System Manager/Desktop/flutter_application_1/admin_dashboard/.next/server/app/api/admin/login/route.js",
  "C:/Users/System Manager/Desktop/flutter_application_1/admin_dashboard/.next/server/app/api/admin/me/route.js",
  "C:/Users/System Manager/Desktop/flutter_application_1/admin_dashboard/.next/server/app/api/admin/orders/route.js",
  "C:/Users/System Manager/Desktop/flutter_application_1/admin_dashboard/.next/server/app/api/auth/login/route.js",
  "C:/Users/System Manager/Desktop/flutter_application_1/admin_dashboard/.next/server/app/api/auth/me/route.js",
  "C:/Users/System Manager/Desktop/flutter_application_1/admin_dashboard/.next/server/app/api/auth/register/route.js",
  "C:/Users/System Manager/Desktop/flutter_application_1/admin_dashboard/.next/server/app/api/cart/route.js",
  "C:/Users/System Manager/Desktop/flutter_application_1/admin_dashboard/.next/server/app/api/checkout/route.js",
  "C:/Users/System Manager/Desktop/flutter_application_1/admin_dashboard/.next/server/app/api/delivery/[id]/route.js",
  "C:/Users/System Manager/Desktop/flutter_application_1/admin_dashboard/.next/server/app/api/delivery/route.js",
  "C:/Users/System Manager/Desktop/flutter_application_1/admin_dashboard/.next/server/app/api/order-items/route.js",
  "C:/Users/System Manager/Desktop/flutter_application_1/admin_dashboard/.next/server/app/api/orders/[id]/route.js",
  "C:/Users/System Manager/Desktop/flutter_application_1/admin_dashboard/.next/server/app/api/orders/route.js",
  "C:/Users/System Manager/Desktop/flutter_application_1/admin_dashboard/.next/server/app/api/products/route.js",
  "C:/Users/System Manager/Desktop/flutter_application_1/admin_dashboard/.next/server/app/api/settings/route.js",
  "C:/Users/System Manager/Desktop/flutter_application_1/admin_dashboard/.next/server/app/api/status/route.js",
  "C:/Users/System Manager/Desktop/flutter_application_1/admin_dashboard/.next/server/app/api/test-db/route.js",
  "C:/Users/System Manager/Desktop/flutter_application_1/admin_dashboard/.next/server/app/api/upload/route.js",
  "C:/Users/System Manager/Desktop/flutter_application_1/admin_dashboard/.next/server/app/favicon.ico/route.js"
]: 161.202ms
Created all serverless functions in: 262.08ms
